<?xml version="1.0" encoding="UTF-8"?>
<coverage generated="1543124390">
  <project timestamp="1543124390">
    <package name="ScienceHook\Security\CSRF">
      <file name="/var/www/html/csrf/src/CSRF.php">
        <class name="ScienceHook\Security\CSRF\CSRF" namespace="ScienceHook\Security\CSRF" fullPackage="ScienceHook" package="ScienceHook">
          <metrics complexity="10" methods="8" coveredmethods="5" conditionals="0" coveredconditionals="0" statements="38" coveredstatements="30" elements="46" coveredelements="35"/>
        </class>
        <line num="58" type="method" name="__construct" visibility="public" complexity="1" crap="1" count="2"/>
        <line num="64" type="stmt" count="2"/>
        <line num="65" type="stmt" count="2"/>
        <line num="66" type="stmt" count="2"/>
        <line num="67" type="stmt" count="2"/>
        <line num="68" type="stmt" count="2"/>
        <line num="69" type="stmt" count="2"/>
        <line num="79" type="method" name="createToken" visibility="public" complexity="1" crap="1" count="1"/>
        <line num="81" type="stmt" count="1"/>
        <line num="82" type="stmt" count="1"/>
        <line num="83" type="stmt" count="1"/>
        <line num="84" type="stmt" count="1"/>
        <line num="85" type="stmt" count="1"/>
        <line num="87" type="stmt" count="1"/>
        <line num="96" type="method" name="getTokenValue" visibility="private" complexity="1" crap="2.00" count="0"/>
        <line num="98" type="stmt" count="0"/>
        <line num="99" type="stmt" count="0"/>
        <line num="100" type="stmt" count="0"/>
        <line num="111" type="method" name="getTimeTokenValue" visibility="private" complexity="1" crap="1" count="1"/>
        <line num="113" type="stmt" count="1"/>
        <line num="114" type="stmt" count="1"/>
        <line num="115" type="stmt" count="1"/>
        <line num="126" type="method" name="checkValid" visibility="public" complexity="2" crap="2" count="1"/>
        <line num="129" type="stmt" count="1"/>
        <line num="130" type="stmt" count="1"/>
        <line num="131" type="stmt" count="1"/>
        <line num="132" type="stmt" count="1"/>
        <line num="133" type="stmt" count="1"/>
        <line num="138" type="stmt" count="1"/>
        <line num="139" type="stmt" count="1"/>
        <line num="150" type="method" name="checkExpired" visibility="private" complexity="2" crap="2" count="1"/>
        <line num="152" type="stmt" count="1"/>
        <line num="154" type="stmt" count="1"/>
        <line num="156" type="stmt" count="1"/>
        <line num="157" type="stmt" count="1"/>
        <line num="158" type="stmt" count="1"/>
        <line num="159" type="stmt" count="1"/>
        <line num="161" type="stmt" count="1"/>
        <line num="163" type="stmt" count="1"/>
        <line num="174" type="method" name="createHiddenField" visibility="public" complexity="1" crap="2.00" count="0"/>
        <line num="181" type="stmt" count="0"/>
        <line num="182" type="stmt" count="0"/>
        <line num="183" type="stmt" count="0"/>
        <line num="189" type="method" name="showInvalidError" visibility="public" complexity="1" crap="2.00" count="0"/>
        <line num="191" type="stmt" count="0"/>
        <line num="192" type="stmt" count="0"/>
        <metrics loc="193" ncloc="93" classes="1" methods="8" coveredmethods="5" conditionals="0" coveredconditionals="0" statements="38" coveredstatements="30" elements="46" coveredelements="35"/>
      </file>
    </package>
    <package name="ScienceHook\Security\CSRF\Dependency\SessionHandler">
      <file name="/var/www/html/csrf/src/Dependency/SessionHandler.php">
        <class name="ScienceHook\Security\CSRF\Dependency\SessionHandler\SessionHandler" namespace="ScienceHook\Security\CSRF\Dependency\SessionHandler" fullPackage="ScienceHook" package="ScienceHook">
          <metrics complexity="9" methods="5" coveredmethods="3" conditionals="0" coveredconditionals="0" statements="21" coveredstatements="17" elements="26" coveredelements="20"/>
        </class>
        <line num="20" type="method" name="checkSessionStatus" visibility="private" complexity="2" crap="2.50" count="4"/>
        <line num="23" type="stmt" count="4"/>
        <line num="24" type="stmt" count="0"/>
        <line num="25" type="stmt" count="0"/>
        <line num="30" type="stmt" count="4"/>
        <line num="40" type="method" name="isSessionValueSet" visibility="private" complexity="2" crap="2.50" count="2"/>
        <line num="42" type="stmt" count="2"/>
        <line num="43" type="stmt" count="0"/>
        <line num="44" type="stmt" count="0"/>
        <line num="49" type="stmt" count="2"/>
        <line num="64" type="method" name="setSessionValue" visibility="public" complexity="1" crap="1" count="2"/>
        <line num="70" type="stmt" count="2"/>
        <line num="73" type="stmt" count="2"/>
        <line num="76" type="stmt" count="2"/>
        <line num="77" type="stmt" count="2"/>
        <line num="88" type="method" name="getSessionValue" visibility="public" complexity="1" crap="1" count="1"/>
        <line num="90" type="stmt" count="1"/>
        <line num="92" type="stmt" count="1"/>
        <line num="104" type="method" name="unsetSession" visibility="public" complexity="3" crap="3" count="2"/>
        <line num="110" type="stmt" count="2"/>
        <line num="111" type="stmt" count="2"/>
        <line num="112" type="stmt" count="2"/>
        <line num="115" type="stmt" count="2"/>
        <line num="116" type="stmt" count="2"/>
        <line num="117" type="stmt" count="2"/>
        <line num="119" type="stmt" count="2"/>
        <metrics loc="120" ncloc="63" classes="1" methods="5" coveredmethods="3" conditionals="0" coveredconditionals="0" statements="21" coveredstatements="17" elements="26" coveredelements="20"/>
      </file>
    </package>
    <package name="ScienceHook\Security\CSRF\Exception">
      <file name="/var/www/html/csrf/src/Exception/SessionNotActiveException.php">
        <class name="ScienceHook\Security\CSRF\Exception\SessionNotActiveException" namespace="ScienceHook\Security\CSRF\Exception" fullPackage="ScienceHook" package="ScienceHook">
          <metrics complexity="0" methods="0" coveredmethods="0" conditionals="0" coveredconditionals="0" statements="0" coveredstatements="0" elements="0" coveredelements="0"/>
        </class>
        <metrics loc="12" ncloc="5" classes="0" methods="0" coveredmethods="0" conditionals="0" coveredconditionals="0" statements="0" coveredstatements="0" elements="0" coveredelements="0"/>
      </file>
      <file name="/var/www/html/csrf/src/Exception/SessionValueNotSet.php">
        <class name="ScienceHook\Security\CSRF\Exception\SessionValueNotSet" namespace="ScienceHook\Security\CSRF\Exception" fullPackage="ScienceHook" package="ScienceHook">
          <metrics complexity="0" methods="0" coveredmethods="0" conditionals="0" coveredconditionals="0" statements="0" coveredstatements="0" elements="0" coveredelements="0"/>
        </class>
        <metrics loc="12" ncloc="5" classes="0" methods="0" coveredmethods="0" conditionals="0" coveredconditionals="0" statements="0" coveredstatements="0" elements="0" coveredelements="0"/>
      </file>
    </package>
    <metrics files="4" loc="337" ncloc="166" classes="2" methods="13" coveredmethods="8" conditionals="0" coveredconditionals="0" statements="59" coveredstatements="47" elements="72" coveredelements="55"/>
  </project>
</coverage>
